e:\onedrive\code\cpp\tetrisgame\tetrisgame\debug\vc141.pdb
e:\onedrive\code\cpp\tetrisgame\tetrisgame\debug\vc141.idb
e:\onedrive\code\cpp\tetrisgame\tetrisgame\debug\tetrisgame.obj
e:\onedrive\code\cpp\tetrisgame\tetrisgame\debug\tetrisgame.pch
e:\onedrive\code\cpp\tetrisgame\tetrisgame\debug\stdafx.obj
e:\onedrive\code\cpp\tetrisgame\tetrisgame\debug\tetrisfun.obj
e:\onedrive\code\cpp\tetrisgame\debug\tetrisgame.exe
e:\onedrive\code\cpp\tetrisgame\debug\tetrisgame.ilk
e:\onedrive\code\cpp\tetrisgame\debug\tetrisgame.pdb
e:\onedrive\code\cpp\tetrisgame\tetrisgame\debug\tetrisgame.res
e:\onedrive\code\cpp\tetrisgame\tetrisgame\debug\tetrisfun.obj.enc
e:\onedrive\code\cpp\tetrisgame\tetrisgame\debug\tetrisgame.obj.enc
e:\onedrive\code\cpp\tetrisgame\tetrisgame\debug\tetrisgame.tlog\cl.command.1.tlog
e:\onedrive\code\cpp\tetrisgame\tetrisgame\debug\tetrisgame.tlog\cl.read.1.tlog
e:\onedrive\code\cpp\tetrisgame\tetrisgame\debug\tetrisgame.tlog\cl.write.1.tlog
e:\onedrive\code\cpp\tetrisgame\tetrisgame\debug\tetrisgame.tlog\link.command.1.tlog
e:\onedrive\code\cpp\tetrisgame\tetrisgame\debug\tetrisgame.tlog\link.read.1.tlog
e:\onedrive\code\cpp\tetrisgame\tetrisgame\debug\tetrisgame.tlog\link.write.1.tlog
e:\onedrive\code\cpp\tetrisgame\tetrisgame\debug\tetrisgame.tlog\rc.command.1.tlog
e:\onedrive\code\cpp\tetrisgame\tetrisgame\debug\tetrisgame.tlog\rc.read.1.tlog
e:\onedrive\code\cpp\tetrisgame\tetrisgame\debug\tetrisgame.tlog\rc.write.1.tlog
